Determining if the pthread_create exist failed with the following output:
Change Dir: /home/rui/Dropbox/Linux_Backup/MSU/1_Training/45_HERMES/HERMES/build/CMakeFiles/CMakeTmp

Run Build Command:"/usr/bin/make" "cmTC_1142b/fast"
/usr/bin/make -f CMakeFiles/cmTC_1142b.dir/build.make CMakeFiles/cmTC_1142b.dir/build
make[1]: Entering directory '/home/rui/Dropbox/Linux_Backup/MSU/1_Training/45_HERMES/HERMES/build/CMakeFiles/CMakeTmp'
Building C object CMakeFiles/cmTC_1142b.dir/CheckSymbolExists.c.o
/usr/bin/cc    -o CMakeFiles/cmTC_1142b.dir/CheckSymbolExists.c.o   -c /home/rui/Dropbox/Linux_Backup/MSU/1_Training/45_HERMES/HERMES/build/CMakeFiles/CMakeTmp/CheckSymbolExists.c
Linking C executable cmTC_1142b
/usr/bin/cmake -E cmake_link_script CMakeFiles/cmTC_1142b.dir/link.txt --verbose=1
/usr/bin/cc      -rdynamic CMakeFiles/cmTC_1142b.dir/CheckSymbolExists.c.o  -o cmTC_1142b 
CMakeFiles/cmTC_1142b.dir/CheckSymbolExists.c.o: In function `main':
CheckSymbolExists.c:(.text+0x1b): undefined reference to `pthread_create'
collect2: error: ld returned 1 exit status
CMakeFiles/cmTC_1142b.dir/build.make:97: recipe for target 'cmTC_1142b' failed
make[1]: *** [cmTC_1142b] Error 1
make[1]: Leaving directory '/home/rui/Dropbox/Linux_Backup/MSU/1_Training/45_HERMES/HERMES/build/CMakeFiles/CMakeTmp'
Makefile:126: recipe for target 'cmTC_1142b/fast' failed
make: *** [cmTC_1142b/fast] Error 2

File /home/rui/Dropbox/Linux_Backup/MSU/1_Training/45_HERMES/HERMES/build/CMakeFiles/CMakeTmp/CheckSymbolExists.c:
/* */
#include <pthread.h>

int main(int argc, char** argv)
{
  (void)argv;
#ifndef pthread_create
  return ((int*)(&pthread_create))[argc];
#else
  (void)argc;
  return 0;
#endif
}

Determining if the function pthread_create exists in the pthreads failed with the following output:
Change Dir: /home/rui/Dropbox/Linux_Backup/MSU/1_Training/45_HERMES/HERMES/build/CMakeFiles/CMakeTmp

Run Build Command:"/usr/bin/make" "cmTC_34ec2/fast"
/usr/bin/make -f CMakeFiles/cmTC_34ec2.dir/build.make CMakeFiles/cmTC_34ec2.dir/build
make[1]: Entering directory '/home/rui/Dropbox/Linux_Backup/MSU/1_Training/45_HERMES/HERMES/build/CMakeFiles/CMakeTmp'
Building C object CMakeFiles/cmTC_34ec2.dir/CheckFunctionExists.c.o
/usr/bin/cc   -DCHECK_FUNCTION_EXISTS=pthread_create   -o CMakeFiles/cmTC_34ec2.dir/CheckFunctionExists.c.o   -c /usr/share/cmake-3.10/Modules/CheckFunctionExists.c
Linking C executable cmTC_34ec2
/usr/bin/cmake -E cmake_link_script CMakeFiles/cmTC_34ec2.dir/link.txt --verbose=1
/usr/bin/cc  -DCHECK_FUNCTION_EXISTS=pthread_create    -rdynamic CMakeFiles/cmTC_34ec2.dir/CheckFunctionExists.c.o  -o cmTC_34ec2 -lpthreads 
/usr/bin/ld: cannot find -lpthreads
collect2: error: ld returned 1 exit status
CMakeFiles/cmTC_34ec2.dir/build.make:97: recipe for target 'cmTC_34ec2' failed
make[1]: *** [cmTC_34ec2] Error 1
make[1]: Leaving directory '/home/rui/Dropbox/Linux_Backup/MSU/1_Training/45_HERMES/HERMES/build/CMakeFiles/CMakeTmp'
Makefile:126: recipe for target 'cmTC_34ec2/fast' failed
make: *** [cmTC_34ec2/fast] Error 2


